2023-07-30 21:51:30,015 - __main__ - INFO - <module> - port: 5001
2023-07-30 21:51:30,015 - __main__ - INFO - <module> - debug: True
2023-07-30 21:51:30,015 - __main__ - INFO - <module> - log_level: INFO
2023-07-30 21:51:30,015 - __main__ - INFO - <module> - numeric_level: 20
2023-07-30 21:51:30,015 - __main__ - INFO - <module> - 
            Error levels:
            * DEBUG
            * INFO
            * WARNING
            * ERROR
            * CRITICAL
2023-07-30 21:51:30,015 - __main__ - INFO - <module> - Role format: {'Role': 'Role Name', 'Level': 'Competency Level', 'Description': 'Role Description', 'Required': [{'Name': 'Element Name', 'Level': 'Element Level', 'Description': 'Element Description'}], 'Recommended': [{'Name': 'Element Name', 'Level': 'Element Level', 'Description': 'Element Description'}]}
2023-07-30 21:51:30,015 - __main__ - INFO - <module> - Expert format: {'experts': [{'Name': 'Expert Name', 'Description': 'Expert Description'}]}
2023-07-30 21:51:36,280 - __main__ - INFO - skills - Role: Agile Coach
2023-07-30 21:51:36,280 - __main__ - INFO - skills - Competency: None
2023-07-30 21:51:36,281 - __main__ - INFO - skills - Prompt: 
    Role:
    You are a HR consultant in a large financial institution.

    Background:
    Your task involves understanding the necessary skills and competencies for success in the IT department of your organization. The role requires the appropriate level of proficiency with modern software construction methodologies, in addition to thorough familiarity with the business and technical aspects of banking, and regulatory requirements.

    Task:
    Given a competency scale of emergent, competent, expert, and lead, break down the skills and knowledge necessary for an "Emergent" level "Agile Coach". Present the information in the form of a JSON object.

    Output:
    The task's output is a JSON object which outlines the required and recommended skills for an "None" level "Agile Coach".
    
2023-07-30 21:51:36,281 - __main__ - INFO - get_skills - 
      
      The JSON object is as follows:
      {"Role": "Role Name", "Level": "Competency Level", "Description": "Role Description", "Required": [{"Name": "Element Name", "Level": "Element Level", "Description": "Element Description"}], "Recommended": [{"Name": "Element Name", "Level": "Element Level", "Description": "Element Description"}]}
2023-07-30 21:51:46,490 - __main__ - INFO - get_skills - The object represents a competency matrix for a specific role within an organization. 

The "Role" is the name of the role in the organization. 

The "Level" is the competency level required for that role. 

The "Description" provides a brief overview of the responsibilities or expectations of the role. 

The "Required" property is an array that lists the critical competencies required for this role, where each competency is an item of the array represented as an object. Each competency object has three properties: "Name" (the name of the competency), "Level" (the competency level), and "Description" (a description of what the competency entails).

The "Recommended" property is an array that lists the recommended but not critical competencies for this role. Each competency is an object similar to the "Required" array.
2023-07-30 21:51:46,491 - __main__ - INFO - skills - Current answer: The object represents a competency matrix for a specific role within an organization. 

The "Role" is the name of the role in the organization. 

The "Level" is the competency level required for that role. 

The "Description" provides a brief overview of the responsibilities or expectations of the role. 

The "Required" property is an array that lists the critical competencies required for this role, where each competency is an item of the array represented as an object. Each competency object has three properties: "Name" (the name of the competency), "Level" (the competency level), and "Description" (a description of what the competency entails).

The "Recommended" property is an array that lists the recommended but not critical competencies for this role. Each competency is an object similar to the "Required" array.
2023-07-30 21:51:46,491 - __main__ - INFO - get_experts - I want a response to the following question:
    
    

        Name 3 world-class experts (past or present) who would be great at answering this?
        Don't answer the question yet. Just name the experts.
        Please return the results as a json object with the following structure:    
        {"experts": [{"Name": "Expert Name", "Description": "Expert Description"}]}
2023-07-30 21:51:49,093 - __main__ - INFO - skills - Role: Agile Coach
2023-07-30 21:51:49,093 - __main__ - INFO - skills - Competency: None
2023-07-30 21:51:49,093 - __main__ - INFO - skills - Prompt: 
    Role:
    You are a HR consultant in a large financial institution.

    Background:
    Your task involves understanding the necessary skills and competencies for success in the IT department of your organization. The role requires the appropriate level of proficiency with modern software construction methodologies, in addition to thorough familiarity with the business and technical aspects of banking, and regulatory requirements.

    Task:
    Given a competency scale of emergent, competent, expert, and lead, break down the skills and knowledge necessary for an "Emergent" level "Agile Coach". Present the information in the form of a JSON object.

    Output:
    The task's output is a JSON object which outlines the required and recommended skills for an "None" level "Agile Coach".
    
2023-07-30 21:51:49,093 - __main__ - INFO - get_skills - 
      
      The JSON object is as follows:
      {"Role": "Role Name", "Level": "Competency Level", "Description": "Role Description", "Required": [{"Name": "Element Name", "Level": "Element Level", "Description": "Element Description"}], "Recommended": [{"Name": "Element Name", "Level": "Element Level", "Description": "Element Description"}]}
2023-07-30 21:51:50,520 - __main__ - INFO - get_experts - {
  "experts": [
    {
      "Name": "Albert Einstein",
      "Description": "Theoretical physicist who developed the theory of relativity"
    },
    {
      "Name": "Marie Curie",
      "Description": "Physicist and chemist who conducted pioneering research on radioactivity"
    },
    {
      "Name": "Stephen Hawking",
      "Description": "Theoretical physicist, cosmologist, and author known for his work on black holes"
    }
  ]
}
2023-07-30 21:51:50,520 - __main__ - INFO - skills - Experts: {
  "experts": [
    {
      "Name": "Albert Einstein",
      "Description": "Theoretical physicist who developed the theory of relativity"
    },
    {
      "Name": "Marie Curie",
      "Description": "Physicist and chemist who conducted pioneering research on radioactivity"
    },
    {
      "Name": "Stephen Hawking",
      "Description": "Theoretical physicist, cosmologist, and author known for his work on black holes"
    }
  ]
}
2023-07-30 21:51:55,036 - __main__ - INFO - get_skills - The JSON object describes the role's name, competency level, description, required elements, and recommended elements.

1. Role: Identifies the name of the role.
2. Level: Represents the competency level of the role.
3. Description: Provides details about the role.
4. Required: Lists required elements the role holder needs, each summarized with a name, level and description.
5. Recommended: Lists recommended elements for the role holder, each summarized with a name, level and description.
2023-07-30 21:51:55,036 - __main__ - INFO - skills - Current answer: The JSON object describes the role's name, competency level, description, required elements, and recommended elements.

1. Role: Identifies the name of the role.
2. Level: Represents the competency level of the role.
3. Description: Provides details about the role.
4. Required: Lists required elements the role holder needs, each summarized with a name, level and description.
5. Recommended: Lists recommended elements for the role holder, each summarized with a name, level and description.
2023-07-30 21:51:55,037 - __main__ - INFO - get_experts - I want a response to the following question:
    
    

        Name 3 world-class experts (past or present) who would be great at answering this?
        Don't answer the question yet. Just name the experts.
        Please return the results as a json object with the following structure:    
        {"experts": [{"Name": "Expert Name", "Description": "Expert Description"}]}
2023-07-30 21:51:59,525 - __main__ - INFO - get_experts - {
  "experts": [
    {
      "Name": "Stephen Hawking",
      "Description": "British theoretical physicist and cosmologist known for his contributions to the field of general relativity and quantum mechanics."
    },
    {
      "Name": "Marie Curie",
      "Description": "Polish physicist and chemist known for her pioneering research on radioactivity."
    },
    {
      "Name": "Albert Einstein",
      "Description": "German theoretical physicist known for his theory of relativity and his contributions to the philosophy of science."
    }
  ]
}
2023-07-30 21:51:59,525 - __main__ - INFO - skills - Experts: {
  "experts": [
    {
      "Name": "Stephen Hawking",
      "Description": "British theoretical physicist and cosmologist known for his contributions to the field of general relativity and quantum mechanics."
    },
    {
      "Name": "Marie Curie",
      "Description": "Polish physicist and chemist known for her pioneering research on radioactivity."
    },
    {
      "Name": "Albert Einstein",
      "Description": "German theoretical physicist known for his theory of relativity and his contributions to the philosophy of science."
    }
  ]
}
2023-07-30 21:52:07,810 - __main__ - INFO - skills - Role: Agile Coach
2023-07-30 21:52:07,810 - __main__ - INFO - skills - Competency: None
2023-07-30 21:52:07,810 - __main__ - INFO - skills - Prompt: 
    Role:
    You are a HR consultant in a large financial institution.

    Background:
    Your task involves understanding the necessary skills and competencies for success in the IT department of your organization. The role requires the appropriate level of proficiency with modern software construction methodologies, in addition to thorough familiarity with the business and technical aspects of banking, and regulatory requirements.

    Task:
    Given a competency scale of emergent, competent, expert, and lead, break down the skills and knowledge necessary for an "Emergent" level "Agile Coach". Present the information in the form of a JSON object.

    Output:
    The task's output is a JSON object which outlines the required and recommended skills for an "None" level "Agile Coach".
    
2023-07-30 21:52:07,810 - __main__ - INFO - get_skills - 
      
      The JSON object is as follows:
      {"Role": "Role Name", "Level": "Competency Level", "Description": "Role Description", "Required": [{"Name": "Element Name", "Level": "Element Level", "Description": "Element Description"}], "Recommended": [{"Name": "Element Name", "Level": "Element Level", "Description": "Element Description"}]}
2023-07-30 21:52:18,683 - __main__ - INFO - get_skills - The meta-model is as follows:

1. Role: This is a string that represents the name of the role.
2. Level: This is a string that represents the competency level of the role.
3. Description: This is a string that describes the role.
4. Required: This is an array of elements that are required for the role. Each element in this array is an object with the following properties:
   - Name: This is a string that represents the name of the element.
   - Level: This is a string that represents the level of the element.
   - Description: This is a string that describes the element.
5. Recommended: This is an array of elements that are recommended for the role. Each element in this array is an object with the same properties as those in the Required array.
2023-07-30 21:52:18,683 - __main__ - INFO - skills - Current answer: The meta-model is as follows:

1. Role: This is a string that represents the name of the role.
2. Level: This is a string that represents the competency level of the role.
3. Description: This is a string that describes the role.
4. Required: This is an array of elements that are required for the role. Each element in this array is an object with the following properties:
   - Name: This is a string that represents the name of the element.
   - Level: This is a string that represents the level of the element.
   - Description: This is a string that describes the element.
5. Recommended: This is an array of elements that are recommended for the role. Each element in this array is an object with the same properties as those in the Required array.
2023-07-30 21:52:18,684 - __main__ - INFO - get_experts - I want a response to the following question:
    
    

        Name 3 world-class experts (past or present) who would be great at answering this?
        Don't answer the question yet. Just name the experts.
        Please return the results as a json object with the following structure:    
        {"experts": [{"Name": "Expert Name", "Description": "Expert Description"}]}
2023-07-30 21:52:22,261 - __main__ - INFO - get_experts - {
    "experts": [
        {
            "Name": "Stephen Hawking",
            "Description": "Theoretical physicist known for his work on black holes and general relativity."
        },
        {
            "Name": "Marie Curie",
            "Description": "Physicist and chemist who conducted pioneering research on radioactivity."
        },
        {
            "Name": "Albert Einstein",
            "Description": "Theoretical physicist known for his theory of relativity and his equation E=mc^2."
        }
    ]
}
2023-07-30 21:52:22,261 - __main__ - INFO - skills - Experts: {
    "experts": [
        {
            "Name": "Stephen Hawking",
            "Description": "Theoretical physicist known for his work on black holes and general relativity."
        },
        {
            "Name": "Marie Curie",
            "Description": "Physicist and chemist who conducted pioneering research on radioactivity."
        },
        {
            "Name": "Albert Einstein",
            "Description": "Theoretical physicist known for his theory of relativity and his equation E=mc^2."
        }
    ]
}
