2023-07-30 20:38:16,720 - __main__ - INFO - <module> - port: 5001
2023-07-30 20:38:16,721 - __main__ - INFO - <module> - debug: True
2023-07-30 20:38:16,721 - __main__ - INFO - <module> - log_level: INFO
2023-07-30 20:38:16,721 - __main__ - INFO - <module> - numeric_level: 20
2023-07-30 20:38:16,721 - __main__ - INFO - <module> - 
            Error levels:
            * DEBUG
            * INFO
            * WARNING
            * ERROR
            * CRITICAL
2023-07-30 20:38:16,721 - __main__ - INFO - <module> - Role: Agile Coach
2023-07-30 20:38:16,721 - __main__ - INFO - <module> - Competency: Emergent
2023-07-30 20:38:16,721 - __main__ - INFO - <module> - Current answer: 
2023-07-30 20:38:16,721 - __main__ - INFO - <module> - Prompt: 
    Role:
    You are a HR consultant in a large financila institution.
    
    Background:
    You are looking to unsderstand the skills and competencies required to be successful in the IT part of your organization.

    The candidate must be at appropriate levels to work with modern software construction methodologies,
    and be proficient accross all elements, business and technical elements of banking, and regulatory requirements.

    task:
    Using a competency scale of emergent, competent, expert, and lead, break downt he skills and knowledge required to be "Emergent" in the role of "Agile Coach". 

    Present the information as a JSON object.
2023-07-30 20:38:16,721 - __main__ - INFO - <module> - Role format: {'Role': 'Role Name', 'Level': 'Competency Level', 'Description': 'Role Description', 'Required': [{'Name': 'Element Name', 'Level': 'Element Level', 'Description': 'Element Description'}], 'Recommended': [{'Name': 'Element Name', 'Level': 'Element Level', 'Description': 'Element Description'}], 'Reviewers': [{'Name': 'Reviewer Name', 'Description': 'Reviewer Description'}]}
2023-07-30 20:38:16,721 - __main__ - INFO - <module> - Expert format: {'experts': [{'Name': 'Expert Name', 'Description': 'Expert Description'}]}
2023-07-30 20:38:16,721 - __main__ - INFO - get_skills - 
    Role:
    You are a HR consultant in a large financila institution.
    
    Background:
    You are looking to unsderstand the skills and competencies required to be successful in the IT part of your organization.

    The candidate must be at appropriate levels to work with modern software construction methodologies,
    and be proficient accross all elements, business and technical elements of banking, and regulatory requirements.

    task:
    Using a competency scale of emergent, competent, expert, and lead, break downt he skills and knowledge required to be "Emergent" in the role of "Agile Coach". 

    Present the information as a JSON object.
      Use the following format for the JSON object:
      {"Role": "Role Name", "Level": "Competency Level", "Description": "Role Description", "Required": [{"Name": "Element Name", "Level": "Element Level", "Description": "Element Description"}], "Recommended": [{"Name": "Element Name", "Level": "Element Level", "Description": "Element Description"}], "Reviewers": [{"Name": "Reviewer Name", "Description": "Reviewer Description"}]}
2023-07-30 20:38:46,234 - __main__ - INFO - get_skills - {
    "Role": "Agile Coach",
    "Level": "Emergent",
    "Description": "An Agile Coach at the emergent level is an individual who is beginning to lead agile teams to success. At this level, an Agile Coach should have a basic understanding of the principles and methodologies underpinning Agile and be able to guide the team in implementing these principles.",

    "Required": [
        {
            "Name": "Agile Methodologies",
            "Level": "Emergent",
            "Description": "Must understand and be able to implement standard Agile methodologies such as Scrum, Kanban, Lean, etc."
        },
        {
            "Name": "Stakeholder communication",
            "Level": "Emergent",
            "Description": "Must communicate effectively with all levels of stakeholders, including team members, product owners, and upper management."
        },
        {
            "Name": "Problem-solving skills",
            "Level": "Emergent",
            "Description": "Should be able to identify issues within the team and work with the team to develop practical solutions."
        }
    ],
    
    "Recommended": [
        {
            "Name": "Project management skills",
            "Level": "Emergent",
            "Description": "Understanding of project management methodologies such as Waterfall could be useful when working with non-agile teams or transitioning teams to Agile."
        },
        {
            "Name": "Business acumen",
            "Level": "Emergent",
            "Description": "A basic understanding of banking and finance is desirable to better understand the organisation’s goals and objectives."
        },
        {
            "Name": "Regulatory knowledge",
            "Level": "Emergent",
            "Description": "Must have basic understanding of regulatory requirements and their implications on IT projects"
        }
    ],
    
    "Reviewers": [
        {
            "Name": "Senior Agile Coach",
            "Description": "A Senior Agile Coach will assess the competencies of the Agile Coach and provide guidance and feedback to improve their skills."
        },
        {
            "Name": "Project Manager",
            "Description": "A Project Manager can assess the ability of the Agile Coach to effectively contribute to achieving project objectives."
        }
    ]
}
2023-07-30 20:38:46,235 - __main__ - INFO - <module> - Current answer: {
    "Role": "Agile Coach",
    "Level": "Emergent",
    "Description": "An Agile Coach at the emergent level is an individual who is beginning to lead agile teams to success. At this level, an Agile Coach should have a basic understanding of the principles and methodologies underpinning Agile and be able to guide the team in implementing these principles.",

    "Required": [
        {
            "Name": "Agile Methodologies",
            "Level": "Emergent",
            "Description": "Must understand and be able to implement standard Agile methodologies such as Scrum, Kanban, Lean, etc."
        },
        {
            "Name": "Stakeholder communication",
            "Level": "Emergent",
            "Description": "Must communicate effectively with all levels of stakeholders, including team members, product owners, and upper management."
        },
        {
            "Name": "Problem-solving skills",
            "Level": "Emergent",
            "Description": "Should be able to identify issues within the team and work with the team to develop practical solutions."
        }
    ],
    
    "Recommended": [
        {
            "Name": "Project management skills",
            "Level": "Emergent",
            "Description": "Understanding of project management methodologies such as Waterfall could be useful when working with non-agile teams or transitioning teams to Agile."
        },
        {
            "Name": "Business acumen",
            "Level": "Emergent",
            "Description": "A basic understanding of banking and finance is desirable to better understand the organisation’s goals and objectives."
        },
        {
            "Name": "Regulatory knowledge",
            "Level": "Emergent",
            "Description": "Must have basic understanding of regulatory requirements and their implications on IT projects"
        }
    ],
    
    "Reviewers": [
        {
            "Name": "Senior Agile Coach",
            "Description": "A Senior Agile Coach will assess the competencies of the Agile Coach and provide guidance and feedback to improve their skills."
        },
        {
            "Name": "Project Manager",
            "Description": "A Project Manager can assess the ability of the Agile Coach to effectively contribute to achieving project objectives."
        }
    ]
}
2023-07-30 20:38:46,235 - __main__ - INFO - get_experts - I want a response to the following question:
    
    
    Role:
    You are a HR consultant in a large financila institution.
    
    Background:
    You are looking to unsderstand the skills and competencies required to be successful in the IT part of your organization.

    The candidate must be at appropriate levels to work with modern software construction methodologies,
    and be proficient accross all elements, business and technical elements of banking, and regulatory requirements.

    task:
    Using a competency scale of emergent, competent, expert, and lead, break downt he skills and knowledge required to be "Emergent" in the role of "Agile Coach". 

    Present the information as a JSON object.

        Name 3 world-class experts (past or present) who would be great at answering this?
        Don't answer the question yet. Just name the experts.
        Please return the results as a json object with the following structure:    
        {"experts": [{"Name": "Expert Name", "Description": "Expert Description"}]}
2023-07-30 20:38:50,337 - __main__ - INFO - get_experts - {
  "experts": [
    {
      "Name": "Jeff Sutherland",
      "Description": "Co-creator of Scrum framework, highly knowledgeable in Agile practices and methodologies."
    },
    {
      "Name": "Lisa Crispin",
      "Description": "Author and Agile testing expert, specialized in applying Agile principles in software development."
    },
    {
      "Name": "Mike Cohn",
      "Description": "Renowned Agile trainer and author, known for his expertise in Agile planning and estimation."
    }
  ]
}
2023-07-30 20:38:50,338 - __main__ - INFO - <module> - Experts: {
  "experts": [
    {
      "Name": "Jeff Sutherland",
      "Description": "Co-creator of Scrum framework, highly knowledgeable in Agile practices and methodologies."
    },
    {
      "Name": "Lisa Crispin",
      "Description": "Author and Agile testing expert, specialized in applying Agile principles in software development."
    },
    {
      "Name": "Mike Cohn",
      "Description": "Renowned Agile trainer and author, known for his expertise in Agile planning and estimation."
    }
  ]
}
2023-07-30 20:38:50,338 - __main__ - INFO - <module> - Current answer: {"Role": "Agile Coach", "Level": "Emergent", "Description": "An Agile Coach at the emergent level is an individual who is beginning to lead agile teams to success. At this level, an Agile Coach should have a basic understanding of the principles and methodologies underpinning Agile and be able to guide the team in implementing these principles.", "Required": [{"Name": "Agile Methodologies", "Level": "Emergent", "Description": "Must understand and be able to implement standard Agile methodologies such as Scrum, Kanban, Lean, etc."}, {"Name": "Stakeholder communication", "Level": "Emergent", "Description": "Must communicate effectively with all levels of stakeholders, including team members, product owners, and upper management."}, {"Name": "Problem-solving skills", "Level": "Emergent", "Description": "Should be able to identify issues within the team and work with the team to develop practical solutions."}], "Recommended": [{"Name": "Project management skills", "Level": "Emergent", "Description": "Understanding of project management methodologies such as Waterfall could be useful when working with non-agile teams or transitioning teams to Agile."}, {"Name": "Business acumen", "Level": "Emergent", "Description": "A basic understanding of banking and finance is desirable to better understand the organisation\u2019s goals and objectives."}, {"Name": "Regulatory knowledge", "Level": "Emergent", "Description": "Must have basic understanding of regulatory requirements and their implications on IT projects"}], "Reviewers": [{"Name": "Reviewer Name", "Description": "Reviewer Description"}]}
2023-07-30 20:38:50,338 - __main__ - INFO - get_review - Pretend you are Jeff Sutherland reviewing the output of the following task:
    
    
    Role:
    You are a HR consultant in a large financila institution.
    
    Background:
    You are looking to unsderstand the skills and competencies required to be successful in the IT part of your organization.

    The candidate must be at appropriate levels to work with modern software construction methodologies,
    and be proficient accross all elements, business and technical elements of banking, and regulatory requirements.

    task:
    Using a competency scale of emergent, competent, expert, and lead, break downt he skills and knowledge required to be "Emergent" in the role of "Agile Coach". 

    Present the information as a JSON object.

    The json object to review is:
    
    {"Role": "Agile Coach", "Level": "Emergent", "Description": "An Agile Coach at the emergent level is an individual who is beginning to lead agile teams to success. At this level, an Agile Coach should have a basic understanding of the principles and methodologies underpinning Agile and be able to guide the team in implementing these principles.", "Required": [{"Name": "Agile Methodologies", "Level": "Emergent", "Description": "Must understand and be able to implement standard Agile methodologies such as Scrum, Kanban, Lean, etc."}, {"Name": "Stakeholder communication", "Level": "Emergent", "Description": "Must communicate effectively with all levels of stakeholders, including team members, product owners, and upper management."}, {"Name": "Problem-solving skills", "Level": "Emergent", "Description": "Should be able to identify issues within the team and work with the team to develop practical solutions."}], "Recommended": [{"Name": "Project management skills", "Level": "Emergent", "Description": "Understanding of project management methodologies such as Waterfall could be useful when working with non-agile teams or transitioning teams to Agile."}, {"Name": "Business acumen", "Level": "Emergent", "Description": "A basic understanding of banking and finance is desirable to better understand the organisation\u2019s goals and objectives."}, {"Name": "Regulatory knowledge", "Level": "Emergent", "Description": "Must have basic understanding of regulatory requirements and their implications on IT projects"}], "Reviewers": [{"Name": "Reviewer Name", "Description": "Reviewer Description"}]}
    
    Review the list for completeness, and add to the reviewers array your name and an comprehensive feedback and suggestions on how the list can be improved.

    Only return the updated json object.
2023-07-30 20:38:56,335 - __main__ - INFO - get_review - {
    "Role": "Agile Coach",
    "Level": "Emergent",
    "Description": "An Agile Coach at the emergent level is an individual who is beginning to lead agile teams to success. At this level, an Agile Coach should have a basic understanding of the principles and methodologies underpinning Agile and be able to guide the team in implementing these principles.",
    "Required": [
        {
            "Name": "Agile Methodologies",
            "Level": "Emergent",
            "Description": "Must understand and be able to implement standard Agile methodologies such as Scrum, Kanban, Lean, etc."
        },
        {
            "Name": "Stakeholder communication",
            "Level": "Emergent",
            "Description": "Must communicate effectively with all levels of stakeholders, including team members, product owners, and upper management."
        },
        {
            "Name": "Problem-solving skills",
            "Level": "Emergent",
            "Description": "Should be able to identify issues within the team and work with the team to develop practical solutions."
        }
    ],
    "Recommended": [
        {
            "Name": "Project management skills",
            "Level": "Emergent",
            "Description": "Understanding of project management methodologies such as Waterfall could be useful when working with non-agile teams or transitioning teams to Agile."
        },
        {
            "Name": "Business acumen",
            "Level": "Emergent",
            "Description": "A basic understanding of banking and finance is desirable to better understand the organization's goals and objectives."
        },
        {
            "Name": "Regulatory knowledge",
            "Level": "Emergent",
            "Description": "Must have a basic understanding of regulatory requirements and their implications on IT projects."
        }
    ],
    "Reviewers": [
        {
            "Name": "Jeff Sutherland",
            "Description": "HR Consultant in a large financial institution."
        }
    ]
}
2023-07-30 20:38:56,336 - __main__ - INFO - <module> - {
    "Role": "Agile Coach",
    "Level": "Emergent",
    "Description": "An Agile Coach at the emergent level is an individual who is beginning to lead agile teams to success. At this level, an Agile Coach should have a basic understanding of the principles and methodologies underpinning Agile and be able to guide the team in implementing these principles.",
    "Required": [
        {
            "Name": "Agile Methodologies",
            "Level": "Emergent",
            "Description": "Must understand and be able to implement standard Agile methodologies such as Scrum, Kanban, Lean, etc."
        },
        {
            "Name": "Stakeholder communication",
            "Level": "Emergent",
            "Description": "Must communicate effectively with all levels of stakeholders, including team members, product owners, and upper management."
        },
        {
            "Name": "Problem-solving skills",
            "Level": "Emergent",
            "Description": "Should be able to identify issues within the team and work with the team to develop practical solutions."
        }
    ],
    "Recommended": [
        {
            "Name": "Project management skills",
            "Level": "Emergent",
            "Description": "Understanding of project management methodologies such as Waterfall could be useful when working with non-agile teams or transitioning teams to Agile."
        },
        {
            "Name": "Business acumen",
            "Level": "Emergent",
            "Description": "A basic understanding of banking and finance is desirable to better understand the organization's goals and objectives."
        },
        {
            "Name": "Regulatory knowledge",
            "Level": "Emergent",
            "Description": "Must have a basic understanding of regulatory requirements and their implications on IT projects."
        }
    ],
    "Reviewers": [
        {
            "Name": "Jeff Sutherland",
            "Description": "HR Consultant in a large financial institution."
        }
    ]
}
2023-07-30 20:38:56,336 - __main__ - INFO - get_review - Pretend you are Lisa Crispin reviewing the output of the following task:
    
    
    Role:
    You are a HR consultant in a large financila institution.
    
    Background:
    You are looking to unsderstand the skills and competencies required to be successful in the IT part of your organization.

    The candidate must be at appropriate levels to work with modern software construction methodologies,
    and be proficient accross all elements, business and technical elements of banking, and regulatory requirements.

    task:
    Using a competency scale of emergent, competent, expert, and lead, break downt he skills and knowledge required to be "Emergent" in the role of "Agile Coach". 

    Present the information as a JSON object.

    The json object to review is:
    
    {
    "Role": "Agile Coach",
    "Level": "Emergent",
    "Description": "An Agile Coach at the emergent level is an individual who is beginning to lead agile teams to success. At this level, an Agile Coach should have a basic understanding of the principles and methodologies underpinning Agile and be able to guide the team in implementing these principles.",
    "Required": [
        {
            "Name": "Agile Methodologies",
            "Level": "Emergent",
            "Description": "Must understand and be able to implement standard Agile methodologies such as Scrum, Kanban, Lean, etc."
        },
        {
            "Name": "Stakeholder communication",
            "Level": "Emergent",
            "Description": "Must communicate effectively with all levels of stakeholders, including team members, product owners, and upper management."
        },
        {
            "Name": "Problem-solving skills",
            "Level": "Emergent",
            "Description": "Should be able to identify issues within the team and work with the team to develop practical solutions."
        }
    ],
    "Recommended": [
        {
            "Name": "Project management skills",
            "Level": "Emergent",
            "Description": "Understanding of project management methodologies such as Waterfall could be useful when working with non-agile teams or transitioning teams to Agile."
        },
        {
            "Name": "Business acumen",
            "Level": "Emergent",
            "Description": "A basic understanding of banking and finance is desirable to better understand the organization's goals and objectives."
        },
        {
            "Name": "Regulatory knowledge",
            "Level": "Emergent",
            "Description": "Must have a basic understanding of regulatory requirements and their implications on IT projects."
        }
    ],
    "Reviewers": [
        {
            "Name": "Jeff Sutherland",
            "Description": "HR Consultant in a large financial institution."
        }
    ]
}
    
    Review the list for completeness, and add to the reviewers array your name and an comprehensive feedback and suggestions on how the list can be improved.

    Only return the updated json object.
2023-07-30 20:39:09,031 - __main__ - INFO - get_review - {
    "Role": "Agile Coach",
    "Level": "Emergent",
    "Description": "An Agile Coach at the emergent level is an individual who is beginning to lead agile teams to success. At this level, an Agile Coach should have a basic understanding of the principles and methodologies underpinning Agile and be able to guide the team in implementing these principles.",
    "Required": [
        {
            "Name": "Agile Methodologies",
            "Level": "Emergent",
            "Description": "Must understand and be able to implement standard Agile methodologies such as Scrum, Kanban, Lean, etc."
        },
        {
            "Name": "Stakeholder communication",
            "Level": "Emergent",
            "Description": "Must communicate effectively with all levels of stakeholders, including team members, product owners, and upper management."
        },
        {
            "Name": "Problem-solving skills",
            "Level": "Emergent",
            "Description": "Should be able to identify issues within the team and work with the team to develop practical solutions."
        },
        {
            "Name": "Communication",
            "Level": "Emergent",
            "Description": "Must have good communication skills to effectively deliver information and feedback to team members."
        },
        {
            "Name": "Adaptability",
            "Level": "Emergent",
            "Description": "Should be open to change and able to adapt to new tools, processes, and methodologies."
        }
    ],
    "Recommended": [
        {
            "Name": "Project management skills",
            "Level": "Emergent",
            "Description": "Understanding of project management methodologies such as Waterfall could be useful when working with non-agile teams or transitioning teams to Agile."
        },
        {
            "Name": "Business acumen",
            "Level": "Emergent",
            "Description": "A basic understanding of banking and finance is desirable to better understand the organization's goals and objectives."
        },
        {
            "Name": "Regulatory knowledge",
            "Level": "Emergent",
            "Description": "Must have a basic understanding of regulatory requirements and their implications on IT projects."
        },
        {
            "Name": "Facilitation skills",
            "Level": "Emergent",
            "Description": "Should have the ability to facilitate effective meetings, workshops, and discussions with the team and stakeholders."
        },
        {
            "Name": "Continuous learning",
            "Level": "Emergent",
            "Description": "Should have a desire for continuous learning and improvement in Agile practices and methodologies."
        }
    ],
    "Reviewers": [
        {
            "Name": "Jeff Sutherland",
            "Description": "HR Consultant in a large financial institution."
        },
        {
            "Name": "Lisa Crispin",
            "Description": "HR Consultant in a large financial institution. Comprehensive feedback: The list of skills and knowledge required for an emergent Agile Coach looks quite comprehensive and covers the necessary areas for success in the role. However, I would suggest adding a few more skills to make it even more complete. Firstly, including communication skills as a required skill would be beneficial, as effective communication is crucial for an Agile Coach to deliver information and feedback to team members. Secondly, adaptability is an important trait for an Agile Coach, as they need to be open to change and able to adapt to new tools, processes, and methodologies. Therefore, adding adaptability as a required skill would be beneficial. Additionally, I would recommend including facilitation skills as a recommended skill, as an Agile Coach should have the ability to facilitate effective meetings, workshops, and discussions with the team and stakeholders. Lastly, continuous learning is important in the Agile field, so adding it as a recommended skill would emphasize the importance of ongoing improvement and staying up-to-date with Agile practices and methodologies. Overall, the list is already comprehensive, but these additions would enhance the completeness of the skill set required for an emergent Agile Coach."
        }
    ]
}
2023-07-30 20:39:09,031 - __main__ - INFO - <module> - {
    "Role": "Agile Coach",
    "Level": "Emergent",
    "Description": "An Agile Coach at the emergent level is an individual who is beginning to lead agile teams to success. At this level, an Agile Coach should have a basic understanding of the principles and methodologies underpinning Agile and be able to guide the team in implementing these principles.",
    "Required": [
        {
            "Name": "Agile Methodologies",
            "Level": "Emergent",
            "Description": "Must understand and be able to implement standard Agile methodologies such as Scrum, Kanban, Lean, etc."
        },
        {
            "Name": "Stakeholder communication",
            "Level": "Emergent",
            "Description": "Must communicate effectively with all levels of stakeholders, including team members, product owners, and upper management."
        },
        {
            "Name": "Problem-solving skills",
            "Level": "Emergent",
            "Description": "Should be able to identify issues within the team and work with the team to develop practical solutions."
        },
        {
            "Name": "Communication",
            "Level": "Emergent",
            "Description": "Must have good communication skills to effectively deliver information and feedback to team members."
        },
        {
            "Name": "Adaptability",
            "Level": "Emergent",
            "Description": "Should be open to change and able to adapt to new tools, processes, and methodologies."
        }
    ],
    "Recommended": [
        {
            "Name": "Project management skills",
            "Level": "Emergent",
            "Description": "Understanding of project management methodologies such as Waterfall could be useful when working with non-agile teams or transitioning teams to Agile."
        },
        {
            "Name": "Business acumen",
            "Level": "Emergent",
            "Description": "A basic understanding of banking and finance is desirable to better understand the organization's goals and objectives."
        },
        {
            "Name": "Regulatory knowledge",
            "Level": "Emergent",
            "Description": "Must have a basic understanding of regulatory requirements and their implications on IT projects."
        },
        {
            "Name": "Facilitation skills",
            "Level": "Emergent",
            "Description": "Should have the ability to facilitate effective meetings, workshops, and discussions with the team and stakeholders."
        },
        {
            "Name": "Continuous learning",
            "Level": "Emergent",
            "Description": "Should have a desire for continuous learning and improvement in Agile practices and methodologies."
        }
    ],
    "Reviewers": [
        {
            "Name": "Jeff Sutherland",
            "Description": "HR Consultant in a large financial institution."
        },
        {
            "Name": "Lisa Crispin",
            "Description": "HR Consultant in a large financial institution. Comprehensive feedback: The list of skills and knowledge required for an emergent Agile Coach looks quite comprehensive and covers the necessary areas for success in the role. However, I would suggest adding a few more skills to make it even more complete. Firstly, including communication skills as a required skill would be beneficial, as effective communication is crucial for an Agile Coach to deliver information and feedback to team members. Secondly, adaptability is an important trait for an Agile Coach, as they need to be open to change and able to adapt to new tools, processes, and methodologies. Therefore, adding adaptability as a required skill would be beneficial. Additionally, I would recommend including facilitation skills as a recommended skill, as an Agile Coach should have the ability to facilitate effective meetings, workshops, and discussions with the team and stakeholders. Lastly, continuous learning is important in the Agile field, so adding it as a recommended skill would emphasize the importance of ongoing improvement and staying up-to-date with Agile practices and methodologies. Overall, the list is already comprehensive, but these additions would enhance the completeness of the skill set required for an emergent Agile Coach."
        }
    ]
}
2023-07-30 20:39:09,032 - __main__ - INFO - get_review - Pretend you are Mike Cohn reviewing the output of the following task:
    
    
    Role:
    You are a HR consultant in a large financila institution.
    
    Background:
    You are looking to unsderstand the skills and competencies required to be successful in the IT part of your organization.

    The candidate must be at appropriate levels to work with modern software construction methodologies,
    and be proficient accross all elements, business and technical elements of banking, and regulatory requirements.

    task:
    Using a competency scale of emergent, competent, expert, and lead, break downt he skills and knowledge required to be "Emergent" in the role of "Agile Coach". 

    Present the information as a JSON object.

    The json object to review is:
    
    {
    "Role": "Agile Coach",
    "Level": "Emergent",
    "Description": "An Agile Coach at the emergent level is an individual who is beginning to lead agile teams to success. At this level, an Agile Coach should have a basic understanding of the principles and methodologies underpinning Agile and be able to guide the team in implementing these principles.",
    "Required": [
        {
            "Name": "Agile Methodologies",
            "Level": "Emergent",
            "Description": "Must understand and be able to implement standard Agile methodologies such as Scrum, Kanban, Lean, etc."
        },
        {
            "Name": "Stakeholder communication",
            "Level": "Emergent",
            "Description": "Must communicate effectively with all levels of stakeholders, including team members, product owners, and upper management."
        },
        {
            "Name": "Problem-solving skills",
            "Level": "Emergent",
            "Description": "Should be able to identify issues within the team and work with the team to develop practical solutions."
        },
        {
            "Name": "Communication",
            "Level": "Emergent",
            "Description": "Must have good communication skills to effectively deliver information and feedback to team members."
        },
        {
            "Name": "Adaptability",
            "Level": "Emergent",
            "Description": "Should be open to change and able to adapt to new tools, processes, and methodologies."
        }
    ],
    "Recommended": [
        {
            "Name": "Project management skills",
            "Level": "Emergent",
            "Description": "Understanding of project management methodologies such as Waterfall could be useful when working with non-agile teams or transitioning teams to Agile."
        },
        {
            "Name": "Business acumen",
            "Level": "Emergent",
            "Description": "A basic understanding of banking and finance is desirable to better understand the organization's goals and objectives."
        },
        {
            "Name": "Regulatory knowledge",
            "Level": "Emergent",
            "Description": "Must have a basic understanding of regulatory requirements and their implications on IT projects."
        },
        {
            "Name": "Facilitation skills",
            "Level": "Emergent",
            "Description": "Should have the ability to facilitate effective meetings, workshops, and discussions with the team and stakeholders."
        },
        {
            "Name": "Continuous learning",
            "Level": "Emergent",
            "Description": "Should have a desire for continuous learning and improvement in Agile practices and methodologies."
        }
    ],
    "Reviewers": [
        {
            "Name": "Jeff Sutherland",
            "Description": "HR Consultant in a large financial institution."
        },
        {
            "Name": "Lisa Crispin",
            "Description": "HR Consultant in a large financial institution. Comprehensive feedback: The list of skills and knowledge required for an emergent Agile Coach looks quite comprehensive and covers the necessary areas for success in the role. However, I would suggest adding a few more skills to make it even more complete. Firstly, including communication skills as a required skill would be beneficial, as effective communication is crucial for an Agile Coach to deliver information and feedback to team members. Secondly, adaptability is an important trait for an Agile Coach, as they need to be open to change and able to adapt to new tools, processes, and methodologies. Therefore, adding adaptability as a required skill would be beneficial. Additionally, I would recommend including facilitation skills as a recommended skill, as an Agile Coach should have the ability to facilitate effective meetings, workshops, and discussions with the team and stakeholders. Lastly, continuous learning is important in the Agile field, so adding it as a recommended skill would emphasize the importance of ongoing improvement and staying up-to-date with Agile practices and methodologies. Overall, the list is already comprehensive, but these additions would enhance the completeness of the skill set required for an emergent Agile Coach."
        }
    ]
}
    
    Review the list for completeness, and add to the reviewers array your name and an comprehensive feedback and suggestions on how the list can be improved.

    Only return the updated json object.
2023-07-30 20:39:30,995 - __main__ - INFO - get_review - {
    "Role": "Agile Coach",
    "Level": "Emergent",
    "Description": "An Agile Coach at the emergent level is an individual who is beginning to lead agile teams to success. At this level, an Agile Coach should have a basic understanding of the principles and methodologies underpinning Agile and be able to guide the team in implementing these principles.",
    "Required": [
        {
            "Name": "Agile Methodologies",
            "Level": "Emergent",
            "Description": "Must understand and be able to implement standard Agile methodologies such as Scrum, Kanban, Lean, etc."
        },
        {
            "Name": "Stakeholder communication",
            "Level": "Emergent",
            "Description": "Must communicate effectively with all levels of stakeholders, including team members, product owners, and upper management."
        },
        {
            "Name": "Problem-solving skills",
            "Level": "Emergent",
            "Description": "Should be able to identify issues within the team and work with the team to develop practical solutions."
        },
        {
            "Name": "Communication",
            "Level": "Emergent",
            "Description": "Must have good communication skills to effectively deliver information and feedback to team members."
        },
        {
            "Name": "Adaptability",
            "Level": "Emergent",
            "Description": "Should be open to change and able to adapt to new tools, processes, and methodologies."
        }
    ],
    "Recommended": [
        {
            "Name": "Project management skills",
            "Level": "Emergent",
            "Description": "Understanding of project management methodologies such as Waterfall could be useful when working with non-agile teams or transitioning teams to Agile."
        },
        {
            "Name": "Business acumen",
            "Level": "Emergent",
            "Description": "A basic understanding of banking and finance is desirable to better understand the organization's goals and objectives."
        },
        {
            "Name": "Regulatory knowledge",
            "Level": "Emergent",
            "Description": "Must have a basic understanding of regulatory requirements and their implications on IT projects."
        },
        {
            "Name": "Facilitation skills",
            "Level": "Emergent",
            "Description": "Should have the ability to facilitate effective meetings, workshops, and discussions with the team and stakeholders."
        },
        {
            "Name": "Continuous learning",
            "Level": "Emergent",
            "Description": "Should have a desire for continuous learning and improvement in Agile practices and methodologies."
        }
    ],
    "Reviewers": [
        {
            "Name": "Jeff Sutherland",
            "Description": "HR Consultant in a large financial institution."
        },
        {
            "Name": "Lisa Crispin",
            "Description": "HR Consultant in a large financial institution. Comprehensive feedback: The list of skills and knowledge required for an emergent Agile Coach looks quite comprehensive and covers the necessary areas for success in the role. However, I would suggest adding a few more skills to make it even more complete. Firstly, including communication skills as a required skill would be beneficial, as effective communication is crucial for an Agile Coach to deliver information and feedback to team members. Secondly, adaptability is an important trait for an Agile Coach, as they need to be open to change and able to adapt to new tools, processes, and methodologies. Therefore, adding adaptability as a required skill would be beneficial. Additionally, I would recommend including facilitation skills as a recommended skill, as an Agile Coach should have the ability to facilitate effective meetings, workshops, and discussions with the team and stakeholders. Lastly, continuous learning is important in the Agile field, so adding it as a recommended skill would emphasize the importance of ongoing improvement and staying up-to-date with Agile practices and methodologies. Overall, the list is already comprehensive, but these additions would enhance the completeness of the skill set required for an emergent Agile Coach."
        },
        {
            "Name": "Mike Cohn",
            "Description": "HR Consultant in a large financial institution. Comprehensive feedback: The list of skills and knowledge required for an emergent Agile Coach is well-rounded and covers the necessary areas for success in the role. I agree with the suggestions made by Lisa Crispin to include communication skills as a required skill, as effective communication is crucial for an Agile Coach to deliver information and feedback to team members. Additionally, adaptability is an important trait for an Agile Coach, as they need to be open to change and able to adapt to new tools, processes, and methodologies. Therefore, adding adaptability as a required skill would be beneficial. I also agree with the recommendation to include facilitation skills as a recommended skill, as an Agile Coach should have the ability to facilitate effective meetings, workshops, and discussions with the team and stakeholders. Lastly, continuous learning is important in the Agile field, so adding it as a recommended skill would emphasize the importance of ongoing improvement and staying up-to-date with Agile practices and methodologies. Overall, with these additions, the skill set required for an emergent Agile Coach would be comprehensive and well-suited for success in the role."
        }
    ]
}
2023-07-30 20:39:30,995 - __main__ - INFO - <module> - {
    "Role": "Agile Coach",
    "Level": "Emergent",
    "Description": "An Agile Coach at the emergent level is an individual who is beginning to lead agile teams to success. At this level, an Agile Coach should have a basic understanding of the principles and methodologies underpinning Agile and be able to guide the team in implementing these principles.",
    "Required": [
        {
            "Name": "Agile Methodologies",
            "Level": "Emergent",
            "Description": "Must understand and be able to implement standard Agile methodologies such as Scrum, Kanban, Lean, etc."
        },
        {
            "Name": "Stakeholder communication",
            "Level": "Emergent",
            "Description": "Must communicate effectively with all levels of stakeholders, including team members, product owners, and upper management."
        },
        {
            "Name": "Problem-solving skills",
            "Level": "Emergent",
            "Description": "Should be able to identify issues within the team and work with the team to develop practical solutions."
        },
        {
            "Name": "Communication",
            "Level": "Emergent",
            "Description": "Must have good communication skills to effectively deliver information and feedback to team members."
        },
        {
            "Name": "Adaptability",
            "Level": "Emergent",
            "Description": "Should be open to change and able to adapt to new tools, processes, and methodologies."
        }
    ],
    "Recommended": [
        {
            "Name": "Project management skills",
            "Level": "Emergent",
            "Description": "Understanding of project management methodologies such as Waterfall could be useful when working with non-agile teams or transitioning teams to Agile."
        },
        {
            "Name": "Business acumen",
            "Level": "Emergent",
            "Description": "A basic understanding of banking and finance is desirable to better understand the organization's goals and objectives."
        },
        {
            "Name": "Regulatory knowledge",
            "Level": "Emergent",
            "Description": "Must have a basic understanding of regulatory requirements and their implications on IT projects."
        },
        {
            "Name": "Facilitation skills",
            "Level": "Emergent",
            "Description": "Should have the ability to facilitate effective meetings, workshops, and discussions with the team and stakeholders."
        },
        {
            "Name": "Continuous learning",
            "Level": "Emergent",
            "Description": "Should have a desire for continuous learning and improvement in Agile practices and methodologies."
        }
    ],
    "Reviewers": [
        {
            "Name": "Jeff Sutherland",
            "Description": "HR Consultant in a large financial institution."
        },
        {
            "Name": "Lisa Crispin",
            "Description": "HR Consultant in a large financial institution. Comprehensive feedback: The list of skills and knowledge required for an emergent Agile Coach looks quite comprehensive and covers the necessary areas for success in the role. However, I would suggest adding a few more skills to make it even more complete. Firstly, including communication skills as a required skill would be beneficial, as effective communication is crucial for an Agile Coach to deliver information and feedback to team members. Secondly, adaptability is an important trait for an Agile Coach, as they need to be open to change and able to adapt to new tools, processes, and methodologies. Therefore, adding adaptability as a required skill would be beneficial. Additionally, I would recommend including facilitation skills as a recommended skill, as an Agile Coach should have the ability to facilitate effective meetings, workshops, and discussions with the team and stakeholders. Lastly, continuous learning is important in the Agile field, so adding it as a recommended skill would emphasize the importance of ongoing improvement and staying up-to-date with Agile practices and methodologies. Overall, the list is already comprehensive, but these additions would enhance the completeness of the skill set required for an emergent Agile Coach."
        },
        {
            "Name": "Mike Cohn",
            "Description": "HR Consultant in a large financial institution. Comprehensive feedback: The list of skills and knowledge required for an emergent Agile Coach is well-rounded and covers the necessary areas for success in the role. I agree with the suggestions made by Lisa Crispin to include communication skills as a required skill, as effective communication is crucial for an Agile Coach to deliver information and feedback to team members. Additionally, adaptability is an important trait for an Agile Coach, as they need to be open to change and able to adapt to new tools, processes, and methodologies. Therefore, adding adaptability as a required skill would be beneficial. I also agree with the recommendation to include facilitation skills as a recommended skill, as an Agile Coach should have the ability to facilitate effective meetings, workshops, and discussions with the team and stakeholders. Lastly, continuous learning is important in the Agile field, so adding it as a recommended skill would emphasize the importance of ongoing improvement and staying up-to-date with Agile practices and methodologies. Overall, with these additions, the skill set required for an emergent Agile Coach would be comprehensive and well-suited for success in the role."
        }
    ]
}
2023-07-30 20:40:10,390 - __main__ - INFO - get_final_answer - Upon reviewing the feedback from the experts, it appears that there may be some misunderstanding as Communication, Adaptability, Facilitation skills, and Continuous learning are already outlined in the current Required and Recommended skill lists. They might have missed it while providing feedback or it could be that they want further specification within these skills. However, as these skills are already listed, I would recommend keeping them as is and not necessarily adding them again.

Based on the feedback, the updated JSON object is as follows:

    {
    "Role": "Agile Coach",
    "Level": "Emergent",
    "Description": "An Agile Coach at the emergent level is an individual who is beginning to lead agile teams to success. At this level, an Agile Coach should have a basic understanding of the principles and methodologies underpinning Agile and be able to guide the team in implementing these principles.",
    "Required": [
        {
            "Name": "Agile Methodologies",
            "Level": "Emergent",
            "Description": "Must understand and be able to implement standard Agile methodologies such as Scrum, Kanban, Lean, etc."
        },
        {
            "Name": "Stakeholder communication",
            "Level": "Emergent",
            "Description": "Must communicate effectively with all levels of stakeholders, including team members, product owners, and upper management."
        },
        {
            "Name": "Problem-solving skills",
            "Level": "Emergent",
            "Description": "Should be able to identify issues within the team and work with the team to develop practical solutions."
        },
        {
            "Name": "Communication",
            "Level": "Emergent",
            "Description": "Must have good communication skills to effectively deliver information and feedback to team members."
        },
        {
            "Name": "Adaptability",
            "Level": "Emergent",
            "Description": "Should be open to change and able to adapt to new tools, processes, and methodologies."
        }
    ],
    "Recommended": [
        {
            "Name": "Project management skills",
            "Level": "Emergent",
            "Description": "Understanding of project management methodologies such as Waterfall could be useful when working with non-agile teams or transitioning teams to Agile."
        },
        {
            "Name": "Business acumen",
            "Level": "Emergent",
            "Description": "A basic understanding of banking and finance is desirable to better understand the organization's goals and objectives."
        },
        {
            "Name": "Regulatory knowledge",
            "Level": "Emergent",
            "Description": "Must have a basic understanding of regulatory requirements and their implications on IT projects."
        },
        {
            "Name": "Facilitation skills",
            "Level": "Emergent",
            "Description": "Should have the ability to facilitate effective meetings, workshops, and discussions with the team and stakeholders."
        },
        {
            "Name": "Continuous learning",
            "Level": "Emergent",
            "Description": "Should have a desire for continuous learning and improvement in Agile practices and methodologies."
        }
    ],
    "Reviewers": [
        {
            "Name": "Jeff Sutherland",
            "Description": "HR Consultant in a large financial institution."
        },
        {
            "Name": "Lisa Crispin",
            "Description": "HR Consultant in a large financial institution."
        },
        {
            "Name": "Mike Cohn",
            "Description": "HR Consultant in a large financial institution."
        }
    ]
}
2023-07-30 20:40:10,390 - __main__ - INFO - <module> - Upon reviewing the feedback from the experts, it appears that there may be some misunderstanding as Communication, Adaptability, Facilitation skills, and Continuous learning are already outlined in the current Required and Recommended skill lists. They might have missed it while providing feedback or it could be that they want further specification within these skills. However, as these skills are already listed, I would recommend keeping them as is and not necessarily adding them again.

Based on the feedback, the updated JSON object is as follows:

    {
    "Role": "Agile Coach",
    "Level": "Emergent",
    "Description": "An Agile Coach at the emergent level is an individual who is beginning to lead agile teams to success. At this level, an Agile Coach should have a basic understanding of the principles and methodologies underpinning Agile and be able to guide the team in implementing these principles.",
    "Required": [
        {
            "Name": "Agile Methodologies",
            "Level": "Emergent",
            "Description": "Must understand and be able to implement standard Agile methodologies such as Scrum, Kanban, Lean, etc."
        },
        {
            "Name": "Stakeholder communication",
            "Level": "Emergent",
            "Description": "Must communicate effectively with all levels of stakeholders, including team members, product owners, and upper management."
        },
        {
            "Name": "Problem-solving skills",
            "Level": "Emergent",
            "Description": "Should be able to identify issues within the team and work with the team to develop practical solutions."
        },
        {
            "Name": "Communication",
            "Level": "Emergent",
            "Description": "Must have good communication skills to effectively deliver information and feedback to team members."
        },
        {
            "Name": "Adaptability",
            "Level": "Emergent",
            "Description": "Should be open to change and able to adapt to new tools, processes, and methodologies."
        }
    ],
    "Recommended": [
        {
            "Name": "Project management skills",
            "Level": "Emergent",
            "Description": "Understanding of project management methodologies such as Waterfall could be useful when working with non-agile teams or transitioning teams to Agile."
        },
        {
            "Name": "Business acumen",
            "Level": "Emergent",
            "Description": "A basic understanding of banking and finance is desirable to better understand the organization's goals and objectives."
        },
        {
            "Name": "Regulatory knowledge",
            "Level": "Emergent",
            "Description": "Must have a basic understanding of regulatory requirements and their implications on IT projects."
        },
        {
            "Name": "Facilitation skills",
            "Level": "Emergent",
            "Description": "Should have the ability to facilitate effective meetings, workshops, and discussions with the team and stakeholders."
        },
        {
            "Name": "Continuous learning",
            "Level": "Emergent",
            "Description": "Should have a desire for continuous learning and improvement in Agile practices and methodologies."
        }
    ],
    "Reviewers": [
        {
            "Name": "Jeff Sutherland",
            "Description": "HR Consultant in a large financial institution."
        },
        {
            "Name": "Lisa Crispin",
            "Description": "HR Consultant in a large financial institution."
        },
        {
            "Name": "Mike Cohn",
            "Description": "HR Consultant in a large financial institution."
        }
    ]
}
